Using pre-set license
Built from '2021.3/staging' branch; Version is '2021.3.11f1 (0a5ca18544bf) revision 679073'; Using compiler version '192829333'; Build Type 'Release'
OS: 'Windows 10  (10.0.19045) 64bit Education' Language: 'ko' Physical Memory: 32609 MB
BatchMode: 1, IsHumanControllingUs: 0, StartBugReporterOnCrash: 0, Is64bit: 1, IsPro: 1

COMMAND LINE ARGUMENTS:
C:\Program Files\Unity\Hub\Editor\2021.3.11f1\Editor\Unity.exe
-adb2
-batchMode
-noUpm
-name
AssetImportWorker1
-projectPath
D:/GitHub/DeepDarkLabyrinthSurvival/DeepDarkLabyrinthSurvival
-logFile
Logs/AssetImportWorker1.log
-srvPort
64521
Successfully changed project path to: D:/GitHub/DeepDarkLabyrinthSurvival/DeepDarkLabyrinthSurvival
D:/GitHub/DeepDarkLabyrinthSurvival/DeepDarkLabyrinthSurvival
[UnityMemory] Configuration Parameters - Can be set up in boot.config
    "memorysetup-bucket-allocator-granularity=16"
    "memorysetup-bucket-allocator-bucket-count=8"
    "memorysetup-bucket-allocator-block-size=33554432"
    "memorysetup-bucket-allocator-block-count=8"
    "memorysetup-main-allocator-block-size=16777216"
    "memorysetup-thread-allocator-block-size=16777216"
    "memorysetup-gfx-main-allocator-block-size=16777216"
    "memorysetup-gfx-thread-allocator-block-size=16777216"
    "memorysetup-cache-allocator-block-size=4194304"
    "memorysetup-typetree-allocator-block-size=2097152"
    "memorysetup-profiler-bucket-allocator-granularity=16"
    "memorysetup-profiler-bucket-allocator-bucket-count=8"
    "memorysetup-profiler-bucket-allocator-block-size=33554432"
    "memorysetup-profiler-bucket-allocator-block-count=8"
    "memorysetup-profiler-allocator-block-size=16777216"
    "memorysetup-profiler-editor-allocator-block-size=1048576"
    "memorysetup-temp-allocator-size-main=16777216"
    "memorysetup-job-temp-allocator-block-size=2097152"
    "memorysetup-job-temp-allocator-block-size-background=1048576"
    "memorysetup-job-temp-allocator-reduction-small-platforms=262144"
    "memorysetup-temp-allocator-size-background-worker=32768"
    "memorysetup-temp-allocator-size-job-worker=262144"
    "memorysetup-temp-allocator-size-preload-manager=33554432"
    "memorysetup-temp-allocator-size-nav-mesh-worker=65536"
    "memorysetup-temp-allocator-size-audio-worker=65536"
    "memorysetup-temp-allocator-size-cloud-worker=32768"
    "memorysetup-temp-allocator-size-gi-baking-worker=262144"
    "memorysetup-temp-allocator-size-gfx=262144"
Refreshing native plugins compatible for Editor in 61.66 ms, found 11 plugins.
Preloading 1 native plugins for Editor in 0.62 ms.
Initialize engine version: 2021.3.11f1 (0a5ca18544bf)
[Subsystems] Discovering subsystems at path C:/Program Files/Unity/Hub/Editor/2021.3.11f1/Editor/Data/Resources/UnitySubsystems
[Subsystems] Discovering subsystems at path D:/GitHub/DeepDarkLabyrinthSurvival/DeepDarkLabyrinthSurvival/Assets
GfxDevice: creating device client; threaded=0; jobified=0
Direct3D:
    Version:  Direct3D 11.0 [level 11.1]
    Renderer: NVIDIA GeForce RTX 3070 (ID=0x2488)
    Vendor:   NVIDIA
    VRAM:     8031 MB
    Driver:   31.0.15.3623
Initialize mono
Mono path[0] = 'C:/Program Files/Unity/Hub/Editor/2021.3.11f1/Editor/Data/Managed'
Mono path[1] = 'C:/Program Files/Unity/Hub/Editor/2021.3.11f1/Editor/Data/MonoBleedingEdge/lib/mono/unityjit-win32'
Mono config path = 'C:/Program Files/Unity/Hub/Editor/2021.3.11f1/Editor/Data/MonoBleedingEdge/etc'
Using monoOptions --debugger-agent=transport=dt_socket,embedding=1,server=y,suspend=n,address=127.0.0.1:56380
Begin MonoManager ReloadAssembly
Registering precompiled unity dll's ...
Register platform support module: C:/Program Files/Unity/Hub/Editor/2021.3.11f1/Editor/Data/PlaybackEngines/AndroidPlayer/UnityEditor.Android.Extensions.dll
Register platform support module: C:/Program Files/Unity/Hub/Editor/2021.3.11f1/Editor/Data/PlaybackEngines/WindowsStandaloneSupport/UnityEditor.WindowsStandalone.Extensions.dll
Registered in 0.003716 seconds.
Native extension for WindowsStandalone target not found
Native extension for Android target not found
Refreshing native plugins compatible for Editor in 58.26 ms, found 11 plugins.
Preloading 1 native plugins for Editor in 0.04 ms.
Mono: successfully reloaded assembly
- Completed reload, in  0.410 seconds
Domain Reload Profiling:
	ReloadAssembly (410ms)
		BeginReloadAssembly (48ms)
			ExecutionOrderSort (0ms)
			DisableScriptedObjects (0ms)
			BackupInstance (0ms)
			ReleaseScriptingObjects (0ms)
			CreateAndSetChildDomain (0ms)
		EndReloadAssembly (293ms)
			LoadAssemblies (47ms)
			RebuildTransferFunctionScriptingTraits (0ms)
			SetupTypeCache (61ms)
			ReleaseScriptCaches (0ms)
			RebuildScriptCaches (15ms)
			SetupLoadedEditorAssemblies (185ms)
				LogAssemblyErrors (0ms)
				InitializePlatformSupportModulesInManaged (35ms)
				SetLoadedEditorAssemblies (0ms)
				RefreshPlugins (58ms)
				BeforeProcessingInitializeOnLoad (1ms)
				ProcessInitializeOnLoadAttributes (58ms)
				ProcessInitializeOnLoadMethodAttributes (32ms)
				AfterProcessingInitializeOnLoad (0ms)
				EditorAssembliesLoaded (0ms)
			ExecutionOrderSort2 (0ms)
			AwakeInstancesAfterBackupRestoration (0ms)
Platform modules already initialized, skipping
Registering precompiled user dll's ...
Registered in 0.004010 seconds.
Begin MonoManager ReloadAssembly
Symbol file LoadedFromMemory doesn't match image D:\GitHub\DeepDarkLabyrinthSurvival\DeepDarkLabyrinthSurvival\Library\PackageCache\com.unity.visualscripting@1.7.8\Editor\VisualScripting.Core\Dependencies\DotNetZip\Unity.VisualScripting.IonicZip.dll
Symbol file LoadedFromMemory doesn't match image D:\GitHub\DeepDarkLabyrinthSurvival\DeepDarkLabyrinthSurvival\Library\PackageCache\com.unity.visualscripting@1.7.8\Editor\VisualScripting.Core\Dependencies\YamlDotNet\Unity.VisualScripting.YamlDotNet.dll
Native extension for WindowsStandalone target not found
Native extension for Android target not found
Refreshing native plugins compatible for Editor in 54.82 ms, found 11 plugins.
Preloading 1 native plugins for Editor in 0.04 ms.
Package Manager log level set to [2]
System.Reflection.TargetInvocationException: Exception has been thrown by the target of an invocation. ---> System.NullReferenceException: Object reference not set to an instance of an object
  at Unity.XR.Oculus.OculusLoader.AssetPathToAbsolutePath (System.String assetPath) [0x0003d] in D:\GitHub\DeepDarkLabyrinthSurvival\DeepDarkLabyrinthSurvival\Library\PackageCache\com.unity.xr.oculus@3.0.2\Runtime\OculusLoader.cs:271 
  at Unity.XR.Oculus.OculusLoader.EditorLoadOVRPlugin () [0x0007b] in D:\GitHub\DeepDarkLabyrinthSurvival\DeepDarkLabyrinthSurvival\Library\PackageCache\com.unity.xr.oculus@3.0.2\Runtime\OculusLoader.cs:256 
  at (wrapper managed-to-native) System.Reflection.RuntimeMethodInfo.InternalInvoke(System.Reflection.RuntimeMethodInfo,object,object[],System.Exception&)
  at System.Reflection.RuntimeMethodInfo.Invoke (System.Object obj, System.Reflection.BindingFlags invokeAttr, System.Reflection.Binder binder, System.Object[] parameters, System.Globalization.CultureInfo culture) [0x0006a] in <9aad1b3a47484d63ba2b3985692d80e9>:0 
   --- End of inner exception stack trace ---
  at System.Reflection.RuntimeMethodInfo.Invoke (System.Object obj, System.Reflection.BindingFlags invokeAttr, System.Reflection.Binder binder, System.Object[] parameters, System.Globalization.CultureInfo culture) [0x00083] in <9aad1b3a47484d63ba2b3985692d80e9>:0 
  at System.Reflection.MethodBase.Invoke (System.Object obj, System.Object[] parameters) [0x00000] in <9aad1b3a47484d63ba2b3985692d80e9>:0 
  at UnityEditor.EditorAssemblies.ProcessInitializeOnLoadMethodAttributes () [0x000a5] in <4e64905d831f4883a53259ef37fb023b>:0 
UnityEngine.StackTraceUtility:ExtractStackTrace ()
UnityEngine.DebugLogHandler:LogFormat (UnityEngine.LogType,UnityEngine.Object,string,object[])
UnityEngine.Logger:Log (UnityEngine.LogType,object)
UnityEngine.Debug:LogError (object)
UnityEditor.EditorAssemblies:ProcessInitializeOnLoadMethodAttributes ()

Mono: successfully reloaded assembly
- Completed reload, in  0.883 seconds
Domain Reload Profiling:
	ReloadAssembly (883ms)
		BeginReloadAssembly (178ms)
			ExecutionOrderSort (0ms)
			DisableScriptedObjects (4ms)
			BackupInstance (0ms)
			ReleaseScriptingObjects (0ms)
			CreateAndSetChildDomain (113ms)
		EndReloadAssembly (630ms)
			LoadAssemblies (64ms)
			RebuildTransferFunctionScriptingTraits (0ms)
			SetupTypeCache (160ms)
			ReleaseScriptCaches (0ms)
			RebuildScriptCaches (33ms)
			SetupLoadedEditorAssemblies (347ms)
				LogAssemblyErrors (0ms)
				InitializePlatformSupportModulesInManaged (8ms)
				SetLoadedEditorAssemblies (0ms)
				RefreshPlugins (55ms)
				BeforeProcessingInitializeOnLoad (70ms)
				ProcessInitializeOnLoadAttributes (183ms)
				ProcessInitializeOnLoadMethodAttributes (26ms)
				AfterProcessingInitializeOnLoad (5ms)
				EditorAssembliesLoaded (0ms)
			ExecutionOrderSort2 (0ms)
			AwakeInstancesAfterBackupRestoration (8ms)
Platform modules already initialized, skipping
========================================================================
Worker process is ready to serve import requests
Launched and connected shader compiler UnityShaderCompiler.exe after 0.03 seconds
Refreshing native plugins compatible for Editor in 0.63 ms, found 11 plugins.
Preloading 1 native plugins for Editor in 0.04 ms.
Unloading 4227 Unused Serialized files (Serialized files now loaded: 0)
Unloading 47 unused Assets / (57.2 KB). Loaded Objects now: 4672.
Memory consumption went from 146.7 MB to 146.6 MB.
Total: 2.338200 ms (FindLiveObjects: 0.203800 ms CreateObjectMapping: 0.127200 ms MarkObjects: 1.950000 ms  DeleteObjects: 0.056500 ms)

AssetImportParameters requested are different than current active one (requested -> active):
  custom:video-decoder-ogg-theora: a1e56fd34408186e4bbccfd4996cb3dc -> 
  custom:container-muxer-webm: aa71ff27fc2769a1b78a27578f13a17b -> 
  custom:container-demuxer-webm: 4f35f7cbe854078d1ac9338744f61a02 -> 
  custom:video-encoder-webm-vp8: eb34c28f22e8b96e1ab97ce403110664 -> 
  custom:audio-encoder-webm-vorbis: bf7c407c2cedff20999df2af8eb42d56 -> 
  custom:framework-win-MediaFoundation: 216162199b28c13a410421893ffa2e32 -> 
  custom:container-demuxer-ogg: 62fdf1f143b41e24485cea50d1cbac27 -> 
  custom:video-decoder-webm-vp8: 9c59270c3fd7afecdb556c50c9e8de78 -> 
  custom:audio-decoder-ogg-vorbis: bf7c407c2cedff20999df2af8eb42d56 -> 
========================================================================
Received Import Request.
  Time since last request: 1490.949270 seconds.
  path: Assets/monster_scavenger/materials/Skin_Gray/teeth_Gray.mat
  artifactKey: Guid(c25448f04342a7441aee1f4c38c80b0b) Importer(815301076,1909f56bfc062723c751e8b465ee728b)
Start importing Assets/monster_scavenger/materials/Skin_Gray/teeth_Gray.mat using Guid(c25448f04342a7441aee1f4c38c80b0b) Importer(815301076,1909f56bfc062723c751e8b465ee728b)  -> (artifact id: '7f423f92243579d30d9759b96207a326') in 0.224961 seconds 
========================================================================
Received Import Request.
  Time since last request: 2.657487 seconds.
  path: Assets/monster_scavenger/materials/Skin_Red/teeth_Red.mat
  artifactKey: Guid(5c71f4a9eeaa7b54e9c69a68d2a7eca7) Importer(815301076,1909f56bfc062723c751e8b465ee728b)
Start importing Assets/monster_scavenger/materials/Skin_Red/teeth_Red.mat using Guid(5c71f4a9eeaa7b54e9c69a68d2a7eca7) Importer(815301076,1909f56bfc062723c751e8b465ee728b)  -> (artifact id: 'dd915a10fa4ddd841faffc35f26e6d37') in 0.011050 seconds 
========================================================================
Received Import Request.
  Time since last request: 0.000015 seconds.
  path: Assets/monster_scavenger/materials/Skin_Red/tongue_Red.mat
  artifactKey: Guid(1f7ebf1fb7e93d7429754069dca81054) Importer(815301076,1909f56bfc062723c751e8b465ee728b)
Start importing Assets/monster_scavenger/materials/Skin_Red/tongue_Red.mat using Guid(1f7ebf1fb7e93d7429754069dca81054) Importer(815301076,1909f56bfc062723c751e8b465ee728b)  -> (artifact id: '0222888e75c84c0601f4322641088c12') in 0.014925 seconds 
========================================================================
Received Import Request.
  Time since last request: 0.000020 seconds.
  path: Assets/monster_scavenger/materials/Skin_Red/whiskers_Red.mat
  artifactKey: Guid(1a96c06ea6cef674499124ee3972eac6) Importer(815301076,1909f56bfc062723c751e8b465ee728b)
Start importing Assets/monster_scavenger/materials/Skin_Red/whiskers_Red.mat using Guid(1a96c06ea6cef674499124ee3972eac6) Importer(815301076,1909f56bfc062723c751e8b465ee728b)  -> (artifact id: '66083767aed477f0f68938372fc3822f') in 0.011229 seconds 
========================================================================
Received Import Request.
  Time since last request: 6.016510 seconds.
  path: Assets/monster_scavenger/textures/skin gray/monster_scavenger_body_MetallicSmoothness.tga
  artifactKey: Guid(1b855e50a27302a4aa2eb06b21f201bc) Importer(815301076,1909f56bfc062723c751e8b465ee728b)
Start importing Assets/monster_scavenger/textures/skin gray/monster_scavenger_body_MetallicSmoothness.tga using Guid(1b855e50a27302a4aa2eb06b21f201bc) Importer(815301076,1909f56bfc062723c751e8b465ee728b)  -> (artifact id: 'd55f4000a965780d707c339b27c4f5c6') in 0.029495 seconds 
========================================================================
Received Import Request.
  Time since last request: 0.000015 seconds.
  path: Assets/monster_scavenger/textures/skin gray/monster_scavenger_teeth_Normal.tga
  artifactKey: Guid(a4f4f7eefedee2f41bbaf072900b97bf) Importer(815301076,1909f56bfc062723c751e8b465ee728b)
Start importing Assets/monster_scavenger/textures/skin gray/monster_scavenger_teeth_Normal.tga using Guid(a4f4f7eefedee2f41bbaf072900b97bf) Importer(815301076,1909f56bfc062723c751e8b465ee728b)  -> (artifact id: '6fcc0301058699d016e0a613318f64fb') in 0.014643 seconds 
========================================================================
Received Import Request.
  Time since last request: 0.000013 seconds.
  path: Assets/monster_scavenger/textures/skin gray/monster_scavenger_teeth_MetallicSmoothness.tga
  artifactKey: Guid(af74acda328cacd4ab4ae43a351df2a3) Importer(815301076,1909f56bfc062723c751e8b465ee728b)
Start importing Assets/monster_scavenger/textures/skin gray/monster_scavenger_teeth_MetallicSmoothness.tga using Guid(af74acda328cacd4ab4ae43a351df2a3) Importer(815301076,1909f56bfc062723c751e8b465ee728b)  -> (artifact id: 'f8afdb2777e2da0189c0bfb855a840b5') in 0.009353 seconds 
========================================================================
Received Import Request.
  Time since last request: 0.000015 seconds.
  path: Assets/monster_scavenger/textures/skin gray/monster_scavenger_tongue_MetallicSmoothness.tga
  artifactKey: Guid(68c094fc167bcc54c85b9e906167f1c8) Importer(815301076,1909f56bfc062723c751e8b465ee728b)
Start importing Assets/monster_scavenger/textures/skin gray/monster_scavenger_tongue_MetallicSmoothness.tga using Guid(68c094fc167bcc54c85b9e906167f1c8) Importer(815301076,1909f56bfc062723c751e8b465ee728b)  -> (artifact id: '62c1b4b4b8be13346e556d60460c3ddb') in 0.010350 seconds 
========================================================================
Received Import Request.
  Time since last request: 0.000016 seconds.
  path: Assets/monster_scavenger/textures/skin gray/monster_scavenger_body_Normal.tga
  artifactKey: Guid(84dad2c2c7c187f4082ddeda46b075c9) Importer(815301076,1909f56bfc062723c751e8b465ee728b)
Start importing Assets/monster_scavenger/textures/skin gray/monster_scavenger_body_Normal.tga using Guid(84dad2c2c7c187f4082ddeda46b075c9) Importer(815301076,1909f56bfc062723c751e8b465ee728b)  -> (artifact id: '847429b56da3bb0d991d3f461d4fea67') in 0.025938 seconds 
========================================================================
Received Prepare
Registering precompiled user dll's ...
Registered in 0.003906 seconds.
Begin MonoManager ReloadAssembly
IOException: Sharing violation on path D:\GitHub\DeepDarkLabyrinthSurvival\DeepDarkLabyrinthSurvival\ProjectSettings\Packages\com.unity.testtools.codecoverage\Settings.json
  at System.IO.FileStream..ctor (System.String path, System.IO.FileMode mode, System.IO.FileAccess access, System.IO.FileShare share, System.Int32 bufferSize, System.Boolean anonymous, System.IO.FileOptions options) [0x0019e] in <9aad1b3a47484d63ba2b3985692d80e9>:0 
  at System.IO.FileStream..ctor (System.String path, System.IO.FileMode mode, System.IO.FileAccess access, System.IO.FileShare share, System.Int32 bufferSize, System.IO.FileOptions options) [0x00000] in <9aad1b3a47484d63ba2b3985692d80e9>:0 
  at (wrapper remoting-invoke-with-check) System.IO.FileStream..ctor(string,System.IO.FileMode,System.IO.FileAccess,System.IO.FileShare,int,System.IO.FileOptions)
  at System.IO.StreamWriter..ctor (System.String path, System.Boolean append, System.Text.Encoding encoding, System.Int32 bufferSize) [0x00055] in <9aad1b3a47484d63ba2b3985692d80e9>:0 
  at System.IO.StreamWriter..ctor (System.String path) [0x00008] in <9aad1b3a47484d63ba2b3985692d80e9>:0 
  at (wrapper remoting-invoke-with-check) System.IO.StreamWriter..ctor(string)
  at System.IO.File.WriteAllText (System.String path, System.String contents) [0x00026] in <9aad1b3a47484d63ba2b3985692d80e9>:0 
  at UnityEditor.SettingsManagement.PackageSettingsRepository.Save () [0x00070] in D:\GitHub\DeepDarkLabyrinthSurvival\DeepDarkLabyrinthSurvival\Library\PackageCache\com.unity.settings-manager@1.0.3\Editor\PackageSettingsRepository.cs:144 
  at UnityEditor.AssemblyReloadEvents.OnBeforeAssemblyReload () [0x00017] in <4e64905d831f4883a53259ef37fb023b>:0 

(Filename: Library/PackageCache/com.unity.settings-manager@1.0.3/Editor/PackageSettingsRepository.cs Line: 144)

Symbol file LoadedFromMemory doesn't match image D:\GitHub\DeepDarkLabyrinthSurvival\DeepDarkLabyrinthSurvival\Library\PackageCache\com.unity.visualscripting@1.7.8\Editor\VisualScripting.Core\Dependencies\DotNetZip\Unity.VisualScripting.IonicZip.dll
Symbol file LoadedFromMemory doesn't match image D:\GitHub\DeepDarkLabyrinthSurvival\DeepDarkLabyrinthSurvival\Library\PackageCache\com.unity.visualscripting@1.7.8\Editor\VisualScripting.Core\Dependencies\YamlDotNet\Unity.VisualScripting.YamlDotNet.dll
Native extension for WindowsStandalone target not found
Native extension for Android target not found
Refreshing native plugins compatible for Editor in 0.70 ms, found 11 plugins.
Preloading 1 native plugins for Editor in 0.05 ms.
System.Reflection.TargetInvocationException: Exception has been thrown by the target of an invocation. ---> System.NullReferenceException: Object reference not set to an instance of an object
  at Unity.XR.Oculus.OculusLoader.AssetPathToAbsolutePath (System.String assetPath) [0x0003d] in D:\GitHub\DeepDarkLabyrinthSurvival\DeepDarkLabyrinthSurvival\Library\PackageCache\com.unity.xr.oculus@3.0.2\Runtime\OculusLoader.cs:271 
  at Unity.XR.Oculus.OculusLoader.EditorLoadOVRPlugin () [0x0007b] in D:\GitHub\DeepDarkLabyrinthSurvival\DeepDarkLabyrinthSurvival\Library\PackageCache\com.unity.xr.oculus@3.0.2\Runtime\OculusLoader.cs:256 
  at (wrapper managed-to-native) System.Reflection.RuntimeMethodInfo.InternalInvoke(System.Reflection.RuntimeMethodInfo,object,object[],System.Exception&)
  at System.Reflection.RuntimeMethodInfo.Invoke (System.Object obj, System.Reflection.BindingFlags invokeAttr, System.Reflection.Binder binder, System.Object[] parameters, System.Globalization.CultureInfo culture) [0x0006a] in <9aad1b3a47484d63ba2b3985692d80e9>:0 
   --- End of inner exception stack trace ---
  at System.Reflection.RuntimeMethodInfo.Invoke (System.Object obj, System.Reflection.BindingFlags invokeAttr, System.Reflection.Binder binder, System.Object[] parameters, System.Globalization.CultureInfo culture) [0x00083] in <9aad1b3a47484d63ba2b3985692d80e9>:0 
  at System.Reflection.MethodBase.Invoke (System.Object obj, System.Object[] parameters) [0x00000] in <9aad1b3a47484d63ba2b3985692d80e9>:0 
  at UnityEditor.EditorAssemblies.ProcessInitializeOnLoadMethodAttributes () [0x000a5] in <4e64905d831f4883a53259ef37fb023b>:0 
UnityEngine.StackTraceUtility:ExtractStackTrace ()
UnityEngine.DebugLogHandler:LogFormat (UnityEngine.LogType,UnityEngine.Object,string,object[])
UnityEngine.Logger:Log (UnityEngine.LogType,object)
UnityEngine.Debug:LogError (object)
UnityEditor.EditorAssemblies:ProcessInitializeOnLoadMethodAttributes ()

Mono: successfully reloaded assembly
- Completed reload, in  0.719 seconds
Domain Reload Profiling:
	ReloadAssembly (719ms)
		BeginReloadAssembly (95ms)
			ExecutionOrderSort (0ms)
			DisableScriptedObjects (2ms)
			BackupInstance (0ms)
			ReleaseScriptingObjects (0ms)
			CreateAndSetChildDomain (26ms)
		EndReloadAssembly (563ms)
			LoadAssemblies (58ms)
			RebuildTransferFunctionScriptingTraits (0ms)
			SetupTypeCache (164ms)
			ReleaseScriptCaches (1ms)
			RebuildScriptCaches (24ms)
			SetupLoadedEditorAssemblies (281ms)
				LogAssemblyErrors (0ms)
				InitializePlatformSupportModulesInManaged (14ms)
				SetLoadedEditorAssemblies (0ms)
				RefreshPlugins (1ms)
				BeforeProcessingInitializeOnLoad (52ms)
				ProcessInitializeOnLoadAttributes (180ms)
				ProcessInitializeOnLoadMethodAttributes (29ms)
				AfterProcessingInitializeOnLoad (4ms)
				EditorAssembliesLoaded (0ms)
			ExecutionOrderSort2 (0ms)
			AwakeInstancesAfterBackupRestoration (10ms)
Platform modules already initialized, skipping
Refreshing native plugins compatible for Editor in 2.54 ms, found 11 plugins.
Preloading 1 native plugins for Editor in 0.03 ms.
Unloading 4203 Unused Serialized files (Serialized files now loaded: 0)
Unloading 37 unused Assets / (25.8 KB). Loaded Objects now: 4721.
Memory consumption went from 150.7 MB to 150.7 MB.
Total: 2.123400 ms (FindLiveObjects: 0.186700 ms CreateObjectMapping: 0.082200 ms MarkObjects: 1.834700 ms  DeleteObjects: 0.019300 ms)

AssetImportParameters requested are different than current active one (requested -> active):
  custom:video-decoder-ogg-theora: a1e56fd34408186e4bbccfd4996cb3dc -> 
  custom:container-muxer-webm: aa71ff27fc2769a1b78a27578f13a17b -> 
  custom:container-demuxer-webm: 4f35f7cbe854078d1ac9338744f61a02 -> 
  custom:video-encoder-webm-vp8: eb34c28f22e8b96e1ab97ce403110664 -> 
  custom:audio-encoder-webm-vorbis: bf7c407c2cedff20999df2af8eb42d56 -> 
  custom:framework-win-MediaFoundation: 216162199b28c13a410421893ffa2e32 -> 
  custom:container-demuxer-ogg: 62fdf1f143b41e24485cea50d1cbac27 -> 
  custom:video-decoder-webm-vp8: 9c59270c3fd7afecdb556c50c9e8de78 -> 
  custom:audio-decoder-ogg-vorbis: bf7c407c2cedff20999df2af8eb42d56 -> 
